<?xml version="1.0" encoding="UTF-8"?>
<!-- Generated by org.testng.reporters.JUnitReportReporter -->
<testsuite hostname="INBE5CD141LJFS" failures="0" tests="1" name="com.capco.Runner.CapcoDriverrunner" time="4.227" errors="0" timestamp="2023-08-28T12:03:50 IST" skipped="0">
  <testcase classname="com.capco.Runner.CapcoDriverrunner" name="test" time="4.227"/>
</testsuite> <!-- com.capco.Runner.CapcoDriverrunner -->
