<?xml version="1.0" encoding="UTF-8"?>
<!-- Generated by org.testng.reporters.JUnitReportReporter -->
<testsuite hostname="INBE5CD141LJFS" failures="0" tests="1" name="com.capco.driver.CapcoDriver" time="4.519" errors="0" timestamp="2023-08-28T13:12:36 IST" skipped="0">
  <testcase classname="com.capco.driver.CapcoDriver" name="test" time="4.519"/>
</testsuite> <!-- com.capco.driver.CapcoDriver -->
